\BOOKMARK [0][-]{chapter.1}{Introduction and History}{}% 1
\BOOKMARK [1][-]{section.1.1}{Problem Statement}{chapter.1}% 2
\BOOKMARK [1][-]{section.1.2}{Adaptive Control History}{chapter.1}% 3
\BOOKMARK [0][-]{chapter.2}{Background and Literature Review}{}% 4
\BOOKMARK [1][-]{section.2.1}{Preliminaries and Notation}{chapter.2}% 5
\BOOKMARK [1][-]{section.2.2}{Feedback vs Adaptive Control}{chapter.2}% 6
\BOOKMARK [1][-]{section.2.3}{Model Reference Adaptive Control}{chapter.2}% 7
\BOOKMARK [1][-]{section.2.4}{Least Squares Adaptive Control}{chapter.2}% 8
\BOOKMARK [0][-]{chapter.3}{L1 Adaptive Control Derivation}{}% 9
\BOOKMARK [1][-]{section.3.1}{L1 Adaptive Control}{chapter.3}% 10
\BOOKMARK [1][-]{section.3.2}{L1 Discrete Time Implementation}{chapter.3}% 11
\BOOKMARK [0][-]{chapter.4}{Design of Experimental Platform}{}% 12
\BOOKMARK [1][-]{section.4.1}{Autopilot}{chapter.4}% 13
\BOOKMARK [1][-]{section.4.2}{Simulation}{chapter.4}% 14
\BOOKMARK [1][-]{section.4.3}{Airframe}{chapter.4}% 15
\BOOKMARK [0][-]{chapter.5}{Flight Testing and Performance Evaluation}{}% 16
\BOOKMARK [1][-]{section.5.1}{Simulation Results}{chapter.5}% 17
\BOOKMARK [1][-]{section.5.2}{Flight Test Results}{chapter.5}% 18
\BOOKMARK [0][-]{chapter.6}{Recommendation}{}% 19
\BOOKMARK [0][-]{chapter.7}{Conclusion}{}% 20
\BOOKMARK [0][-]{chapter.7}{List of References}{}% 21
\BOOKMARK [0][-]{chapter*.36}{Initial Distribution List}{}% 22
